/*C12*/SET SCHEMA PUBLIC
DELETE FROM DATABASECHANGELOGLOCK WHERE ID=1
INSERT INTO DATABASECHANGELOGLOCK VALUES(1,TRUE,'2020-06-26 00:42:25.873000','2604:2d80:4380:cef0:ed09:8929:19ec:30f8 (2604:2d80:4380:cef0:ed09:8929:19ec:30f8)')
COMMIT
DELETE FROM DATABASECHANGELOGLOCK WHERE ID=1
INSERT INTO DATABASECHANGELOGLOCK VALUES(1,FALSE,NULL,NULL)
COMMIT
DELETE FROM ATLASSIAN_HOST WHERE CLIENT_KEY='8e399f60-16fd-3653-94d4-fe96067e5d22'
INSERT INTO ATLASSIAN_HOST VALUES('8e399f60-16fd-3653-94d4-fe96067e5d22','MIGfMA0GCSqGSIb3DQEBAQUAA4GNADCBiQKBgQCGZk8ER+1Vp2W2oz94E4qpUlekoTYtWDwfhIxEx++zcrZcW3ATm1AhWf5NHB6EwDnu37basjJSvrs0PdYwYIPv8gjTC2zSndg1f9tVbPrtEtC/76g3ehn7abIXCQZEwEr5Ymxb0asGpmXEpbji4lDJL7l5fnuvSPHUv6NCPjiAvwIDAQAB','LeHV+WyJByjwAGMD7LQgOJ2Am44IW76xm5Fvvjlxy9yJwuC0R2ofjLYxglhftrkzj6yG4pvmAN3s9XN/EEYhXQ','https://zjhayes.atlassian.net','jira','Atlassian JIRA at https://zjhayes.atlassian.net ',NULL,TRUE,NULL,'2020-06-26 00:42:58.158000',NULL,NULL,NULL)
COMMIT
DISCONNECT
/*C13*/SET SCHEMA PUBLIC
DISCONNECT
/*C14*/SET SCHEMA PUBLIC
DISCONNECT
/*C15*/SET SCHEMA PUBLIC
DISCONNECT
/*C16*/SET SCHEMA PUBLIC
DISCONNECT
/*C17*/SET SCHEMA PUBLIC
DISCONNECT
/*C18*/SET SCHEMA PUBLIC
DISCONNECT
/*C19*/SET SCHEMA PUBLIC
DISCONNECT
/*C20*/SET SCHEMA PUBLIC
DISCONNECT
/*C21*/SET SCHEMA PUBLIC
DISCONNECT
